# JRE version: Java(TM) SE Runtime Environment (8.0_271-b09) (build 1.8.0_271-b09)
# Java VM: Java HotSpot(TM) 64-Bit Server VM (25.271-b09 mixed mode windows-amd64 compressed oops)
Heap:
 PSYoungGen      total 38400K, used 12621K [0x00000000d5d00000, 0x00000000d8780000, 0x0000000100000000)
  eden space 33280K, 22% used [0x00000000d5d00000,0x00000000d645b420,0x00000000d7d80000)
  from space 5120K, 99% used [0x00000000d8280000,0x00000000d8778030,0x00000000d8780000)
  to   space 5120K, 0% used [0x00000000d7d80000,0x00000000d7d80000,0x00000000d8280000)
 ParOldGen       total 56320K, used 19233K [0x0000000081600000, 0x0000000084d00000, 0x00000000d5d00000)
  object space 56320K, 34% used [0x0000000081600000,0x00000000828c8628,0x0000000084d00000)
 Metaspace       used 28395K, capacity 29826K, committed 30080K, reserved 1075200K
  class space    used 3852K, capacity 4132K, committed 4224K, reserved 1048576K
GC Heap History (10 events):
Event: 0.783 GC heap before
{Heap before GC invocations=1 (full 0):
 PSYoungGen      total 38400K, used 33280K [0x00000000d5d00000, 0x00000000d8780000, 0x0000000100000000)
  eden space 33280K, 100% used [0x00000000d5d00000,0x00000000d7d80000,0x00000000d7d80000)
  from space 5120K, 0% used [0x00000000d8280000,0x00000000d8280000,0x00000000d8780000)
  to   space 5120K, 0% used [0x00000000d7d80000,0x00000000d7d80000,0x00000000d8280000)
 ParOldGen       total 87552K, used 0K [0x0000000081600000, 0x0000000086b80000, 0x00000000d5d00000)
  object space 87552K, 0% used [0x0000000081600000,0x0000000081600000,0x0000000086b80000)
 Metaspace       used 13211K, capacity 13718K, committed 14080K, reserved 1060864K
  class space    used 1780K, capacity 1924K, committed 2048K, reserved 1048576K
Event: 0.787 GC heap after
Heap after GC invocations=1 (full 0):
 PSYoungGen      total 38400K, used 4924K [0x00000000d5d00000, 0x00000000d8780000, 0x0000000100000000)
  eden space 33280K, 0% used [0x00000000d5d00000,0x00000000d5d00000,0x00000000d7d80000)
  from space 5120K, 96% used [0x00000000d7d80000,0x00000000d824f260,0x00000000d8280000)
  to   space 5120K, 0% used [0x00000000d8280000,0x00000000d8280000,0x00000000d8780000)
 ParOldGen       total 87552K, used 80K [0x0000000081600000, 0x0000000086b80000, 0x00000000d5d00000)
  object space 87552K, 0% used [0x0000000081600000,0x0000000081614010,0x0000000086b80000)
 Metaspace       used 13211K, capacity 13718K, committed 14080K, reserved 1060864K
  class space    used 1780K, capacity 1924K, committed 2048K, reserved 1048576K
}
Event: 4.482 GC heap before
{Heap before GC invocations=2 (full 0):
 PSYoungGen      total 38400K, used 32251K [0x00000000d5d00000, 0x00000000d8780000, 0x0000000100000000)
  eden space 33280K, 82% used [0x00000000d5d00000,0x00000000d77afd40,0x00000000d7d80000)
  from space 5120K, 96% used [0x00000000d7d80000,0x00000000d824f260,0x00000000d8280000)
  to   space 5120K, 0% used [0x00000000d8280000,0x00000000d8280000,0x00000000d8780000)
 ParOldGen       total 87552K, used 80K [0x0000000081600000, 0x0000000086b80000, 0x00000000d5d00000)
  object space 87552K, 0% used [0x0000000081600000,0x0000000081614010,0x0000000086b80000)
 Metaspace       used 20464K, capacity 21172K, committed 21248K, reserved 1067008K
  class space    used 2788K, capacity 3005K, committed 3072K, reserved 1048576K
Event: 4.488 GC heap after
Heap after GC invocations=2 (full 0):
 PSYoungGen      total 38400K, used 5088K [0x00000000d5d00000, 0x00000000d8780000, 0x0000000100000000)
  eden space 33280K, 0% used [0x00000000d5d00000,0x00000000d5d00000,0x00000000d7d80000)
  from space 5120K, 99% used [0x00000000d8280000,0x00000000d8778050,0x00000000d8780000)
  to   space 5120K, 0% used [0x00000000d7d80000,0x00000000d7d80000,0x00000000d8280000)
 ParOldGen       total 87552K, used 8866K [0x0000000081600000, 0x0000000086b80000, 0x00000000d5d00000)
  object space 87552K, 10% used [0x0000000081600000,0x0000000081ea8a10,0x0000000086b80000)
 Metaspace       used 20464K, capacity 21172K, committed 21248K, reserved 1067008K
  class space    used 2788K, capacity 3005K, committed 3072K, reserved 1048576K
}
Event: 4.488 GC heap before
{Heap before GC invocations=3 (full 1):
 PSYoungGen      total 38400K, used 5088K [0x00000000d5d00000, 0x00000000d8780000, 0x0000000100000000)
  eden space 33280K, 0% used [0x00000000d5d00000,0x00000000d5d00000,0x00000000d7d80000)
  from space 5120K, 99% used [0x00000000d8280000,0x00000000d8778050,0x00000000d8780000)
  to   space 5120K, 0% used [0x00000000d7d80000,0x00000000d7d80000,0x00000000d8280000)
 ParOldGen       total 87552K, used 8866K [0x0000000081600000, 0x0000000086b80000, 0x00000000d5d00000)
  object space 87552K, 10% used [0x0000000081600000,0x0000000081ea8a10,0x0000000086b80000)
 Metaspace       used 20464K, capacity 21172K, committed 21248K, reserved 1067008K
  class space    used 2788K, capacity 3005K, committed 3072K, reserved 1048576K
Event: 4.509 GC heap after
Heap after GC invocations=3 (full 1):
 PSYoungGen      total 38400K, used 0K [0x00000000d5d00000, 0x00000000d8780000, 0x0000000100000000)
  eden space 33280K, 0% used [0x00000000d5d00000,0x00000000d5d00000,0x00000000d7d80000)
  from space 5120K, 0% used [0x00000000d8280000,0x00000000d8280000,0x00000000d8780000)
  to   space 5120K, 0% used [0x00000000d7d80000,0x00000000d7d80000,0x00000000d8280000)
 ParOldGen       total 56320K, used 11811K [0x0000000081600000, 0x0000000084d00000, 0x00000000d5d00000)
  object space 56320K, 20% used [0x0000000081600000,0x0000000082188f38,0x0000000084d00000)
 Metaspace       used 20464K, capacity 21172K, committed 21248K, reserved 1067008K
  class space    used 2788K, capacity 3005K, committed 3072K, reserved 1048576K
}
Event: 5.455 GC heap before
{Heap before GC invocations=4 (full 1):
 PSYoungGen      total 38400K, used 33280K [0x00000000d5d00000, 0x00000000d8780000, 0x0000000100000000)
  eden space 33280K, 100% used [0x00000000d5d00000,0x00000000d7d80000,0x00000000d7d80000)
  from space 5120K, 0% used [0x00000000d8280000,0x00000000d8280000,0x00000000d8780000)
  to   space 5120K, 0% used [0x00000000d7d80000,0x00000000d7d80000,0x00000000d8280000)
 ParOldGen       total 56320K, used 11811K [0x0000000081600000, 0x0000000084d00000, 0x00000000d5d00000)
  object space 56320K, 20% used [0x0000000081600000,0x0000000082188f38,0x0000000084d00000)
 Metaspace       used 25802K, capacity 26974K, committed 27264K, reserved 1073152K
  class space    used 3594K, capacity 3858K, committed 3968K, reserved 1048576K
Event: 5.459 GC heap after
Heap after GC invocations=4 (full 1):
 PSYoungGen      total 38400K, used 5109K [0x00000000d5d00000, 0x00000000d8780000, 0x0000000100000000)
  eden space 33280K, 0% used [0x00000000d5d00000,0x00000000d5d00000,0x00000000d7d80000)
  from space 5120K, 99% used [0x00000000d7d80000,0x00000000d827d458,0x00000000d8280000)
  to   space 5120K, 0% used [0x00000000d8280000,0x00000000d8280000,0x00000000d8780000)
 ParOldGen       total 56320K, used 12362K [0x0000000081600000, 0x0000000084d00000, 0x00000000d5d00000)
  object space 56320K, 21% used [0x0000000081600000,0x0000000082212a28,0x0000000084d00000)
 Metaspace       used 25802K, capacity 26974K, committed 27264K, reserved 1073152K
  class space    used 3594K, capacity 3858K, committed 3968K, reserved 1048576K
}
Event: 28.407 GC heap before
{Heap before GC invocations=5 (full 1):
 PSYoungGen      total 38400K, used 38389K [0x00000000d5d00000, 0x00000000d8780000, 0x0000000100000000)
  eden space 33280K, 100% used [0x00000000d5d00000,0x00000000d7d80000,0x00000000d7d80000)
  from space 5120K, 99% used [0x00000000d7d80000,0x00000000d827d458,0x00000000d8280000)
  to   space 5120K, 0% used [0x00000000d8280000,0x00000000d8280000,0x00000000d8780000)
 ParOldGen       total 56320K, used 12362K [0x0000000081600000, 0x0000000084d00000, 0x00000000d5d00000)
  object space 56320K, 21% used [0x0000000081600000,0x0000000082212a28,0x0000000084d00000)
 Metaspace       used 27825K, capacity 29162K, committed 29440K, reserved 1075200K
  class space    used 3760K, capacity 4042K, committed 4096K, reserved 1048576K
Event: 28.414 GC heap after
Heap after GC invocations=5 (full 1):
 PSYoungGen      total 38400K, used 5088K [0x00000000d5d00000, 0x00000000d8780000, 0x0000000100000000)
  eden space 33280K, 0% used [0x00000000d5d00000,0x00000000d5d00000,0x00000000d7d80000)
  from space 5120K, 99% used [0x00000000d8280000,0x00000000d8778030,0x00000000d8780000)
  to   space 5120K, 0% used [0x00000000d7d80000,0x00000000d7d80000,0x00000000d8280000)
 ParOldGen       total 56320K, used 19233K [0x0000000081600000, 0x0000000084d00000, 0x00000000d5d00000)
  object space 56320K, 34% used [0x0000000081600000,0x00000000828c8628,0x0000000084d00000)
 Metaspace       used 27825K, capacity 29162K, committed 29440K, reserved 1075200K
  class space    used 3760K, capacity 4042K, committed 4096K, reserved 1048576K
}

