# JRE version: Java(TM) SE Runtime Environment (8.0_271-b09) (build 1.8.0_271-b09)
# Java VM: Java HotSpot(TM) 64-Bit Server VM (25.271-b09 mixed mode windows-amd64 compressed oops)
Heap:
 PSYoungGen      total 38400K, used 20272K [0x00000000d5d00000, 0x00000000d9280000, 0x0000000100000000)
  eden space 33280K, 45% used [0x00000000d5d00000,0x00000000d6be67a8,0x00000000d7d80000)
  from space 5120K, 97% used [0x00000000d7d80000,0x00000000d8265ad8,0x00000000d8280000)
  to   space 5120K, 0% used [0x00000000d8d80000,0x00000000d8d80000,0x00000000d9280000)
 ParOldGen       total 78848K, used 11888K [0x0000000081600000, 0x0000000086300000, 0x00000000d5d00000)
  object space 78848K, 15% used [0x0000000081600000,0x000000008219c300,0x0000000086300000)
 Metaspace       used 27648K, capacity 29090K, committed 29312K, reserved 1075200K
  class space    used 3829K, capacity 4116K, committed 4224K, reserved 1048576K
GC Heap History (8 events):
Event: 0.816 GC heap before
{Heap before GC invocations=1 (full 0):
 PSYoungGen      total 38400K, used 33280K [0x00000000d5d00000, 0x00000000d8780000, 0x0000000100000000)
  eden space 33280K, 100% used [0x00000000d5d00000,0x00000000d7d80000,0x00000000d7d80000)
  from space 5120K, 0% used [0x00000000d8280000,0x00000000d8280000,0x00000000d8780000)
  to   space 5120K, 0% used [0x00000000d7d80000,0x00000000d7d80000,0x00000000d8280000)
 ParOldGen       total 87552K, used 0K [0x0000000081600000, 0x0000000086b80000, 0x00000000d5d00000)
  object space 87552K, 0% used [0x0000000081600000,0x0000000081600000,0x0000000086b80000)
 Metaspace       used 13198K, capacity 13666K, committed 13824K, reserved 1060864K
  class space    used 1780K, capacity 1924K, committed 2048K, reserved 1048576K
Event: 0.820 GC heap after
Heap after GC invocations=1 (full 0):
 PSYoungGen      total 38400K, used 4940K [0x00000000d5d00000, 0x00000000d8780000, 0x0000000100000000)
  eden space 33280K, 0% used [0x00000000d5d00000,0x00000000d5d00000,0x00000000d7d80000)
  from space 5120K, 96% used [0x00000000d7d80000,0x00000000d8253250,0x00000000d8280000)
  to   space 5120K, 0% used [0x00000000d8280000,0x00000000d8280000,0x00000000d8780000)
 ParOldGen       total 87552K, used 80K [0x0000000081600000, 0x0000000086b80000, 0x00000000d5d00000)
  object space 87552K, 0% used [0x0000000081600000,0x0000000081614010,0x0000000086b80000)
 Metaspace       used 13198K, capacity 13666K, committed 13824K, reserved 1060864K
  class space    used 1780K, capacity 1924K, committed 2048K, reserved 1048576K
}
Event: 3.134 GC heap before
{Heap before GC invocations=2 (full 0):
 PSYoungGen      total 38400K, used 32739K [0x00000000d5d00000, 0x00000000d8780000, 0x0000000100000000)
  eden space 33280K, 83% used [0x00000000d5d00000,0x00000000d7825cb8,0x00000000d7d80000)
  from space 5120K, 96% used [0x00000000d7d80000,0x00000000d8253250,0x00000000d8280000)
  to   space 5120K, 0% used [0x00000000d8280000,0x00000000d8280000,0x00000000d8780000)
 ParOldGen       total 87552K, used 80K [0x0000000081600000, 0x0000000086b80000, 0x00000000d5d00000)
  object space 87552K, 0% used [0x0000000081600000,0x0000000081614010,0x0000000086b80000)
 Metaspace       used 20421K, capacity 21206K, committed 21248K, reserved 1067008K
  class space    used 2821K, capacity 3046K, committed 3072K, reserved 1048576K
Event: 3.140 GC heap after
Heap after GC invocations=2 (full 0):
 PSYoungGen      total 38400K, used 5116K [0x00000000d5d00000, 0x00000000d8780000, 0x0000000100000000)
  eden space 33280K, 0% used [0x00000000d5d00000,0x00000000d5d00000,0x00000000d7d80000)
  from space 5120K, 99% used [0x00000000d8280000,0x00000000d877f270,0x00000000d8780000)
  to   space 5120K, 0% used [0x00000000d7d80000,0x00000000d7d80000,0x00000000d8280000)
 ParOldGen       total 87552K, used 8923K [0x0000000081600000, 0x0000000086b80000, 0x00000000d5d00000)
  object space 87552K, 10% used [0x0000000081600000,0x0000000081eb6ff8,0x0000000086b80000)
 Metaspace       used 20421K, capacity 21206K, committed 21248K, reserved 1067008K
  class space    used 2821K, capacity 3046K, committed 3072K, reserved 1048576K
}
Event: 3.140 GC heap before
{Heap before GC invocations=3 (full 1):
 PSYoungGen      total 38400K, used 5116K [0x00000000d5d00000, 0x00000000d8780000, 0x0000000100000000)
  eden space 33280K, 0% used [0x00000000d5d00000,0x00000000d5d00000,0x00000000d7d80000)
  from space 5120K, 99% used [0x00000000d8280000,0x00000000d877f270,0x00000000d8780000)
  to   space 5120K, 0% used [0x00000000d7d80000,0x00000000d7d80000,0x00000000d8280000)
 ParOldGen       total 87552K, used 8923K [0x0000000081600000, 0x0000000086b80000, 0x00000000d5d00000)
  object space 87552K, 10% used [0x0000000081600000,0x0000000081eb6ff8,0x0000000086b80000)
 Metaspace       used 20421K, capacity 21206K, committed 21248K, reserved 1067008K
  class space    used 2821K, capacity 3046K, committed 3072K, reserved 1048576K
Event: 3.163 GC heap after
Heap after GC invocations=3 (full 1):
 PSYoungGen      total 38400K, used 0K [0x00000000d5d00000, 0x00000000d8780000, 0x0000000100000000)
  eden space 33280K, 0% used [0x00000000d5d00000,0x00000000d5d00000,0x00000000d7d80000)
  from space 5120K, 0% used [0x00000000d8280000,0x00000000d8280000,0x00000000d8780000)
  to   space 5120K, 0% used [0x00000000d7d80000,0x00000000d7d80000,0x00000000d8280000)
 ParOldGen       total 78848K, used 11872K [0x0000000081600000, 0x0000000086300000, 0x00000000d5d00000)
  object space 78848K, 15% used [0x0000000081600000,0x0000000082198300,0x0000000086300000)
 Metaspace       used 20421K, capacity 21206K, committed 21248K, reserved 1067008K
  class space    used 2821K, capacity 3046K, committed 3072K, reserved 1048576K
}
Event: 4.067 GC heap before
{Heap before GC invocations=4 (full 1):
 PSYoungGen      total 38400K, used 33280K [0x00000000d5d00000, 0x00000000d8780000, 0x0000000100000000)
  eden space 33280K, 100% used [0x00000000d5d00000,0x00000000d7d80000,0x00000000d7d80000)
  from space 5120K, 0% used [0x00000000d8280000,0x00000000d8280000,0x00000000d8780000)
  to   space 5120K, 0% used [0x00000000d7d80000,0x00000000d7d80000,0x00000000d8280000)
 ParOldGen       total 78848K, used 11872K [0x0000000081600000, 0x0000000086300000, 0x00000000d5d00000)
  object space 78848K, 15% used [0x0000000081600000,0x0000000082198300,0x0000000086300000)
 Metaspace       used 26135K, capacity 27342K, committed 27520K, reserved 1073152K
  class space    used 3682K, capacity 3912K, committed 3968K, reserved 1048576K
Event: 4.071 GC heap after
Heap after GC invocations=4 (full 1):
 PSYoungGen      total 38400K, used 5014K [0x00000000d5d00000, 0x00000000d9280000, 0x0000000100000000)
  eden space 33280K, 0% used [0x00000000d5d00000,0x00000000d5d00000,0x00000000d7d80000)
  from space 5120K, 97% used [0x00000000d7d80000,0x00000000d8265ad8,0x00000000d8280000)
  to   space 5120K, 0% used [0x00000000d8d80000,0x00000000d8d80000,0x00000000d9280000)
 ParOldGen       total 78848K, used 11888K [0x0000000081600000, 0x0000000086300000, 0x00000000d5d00000)
  object space 78848K, 15% used [0x0000000081600000,0x000000008219c300,0x0000000086300000)
 Metaspace       used 26135K, capacity 27342K, committed 27520K, reserved 1073152K
  class space    used 3682K, capacity 3912K, committed 3968K, reserved 1048576K
}

